[debug] [2025-07-20T17:35:04.008Z] ----------------------------------------------------------------------
[debug] [2025-07-20T17:35:04.011Z] Command:       C:\Program Files\nodejs\node.exe C:\Users\jx06t\AppData\Roaming\npm\node_modules\firebase-tools\lib\bin\firebase.js deploy --only functions
[debug] [2025-07-20T17:35:04.011Z] CLI Version:   14.11.0
[debug] [2025-07-20T17:35:04.011Z] Platform:      win32
[debug] [2025-07-20T17:35:04.012Z] Node Version:  v22.12.0
[debug] [2025-07-20T17:35:04.012Z] Time:          Mon Jul 21 2025 01:35:04 GMT+0800 (台北標準時間)
[debug] [2025-07-20T17:35:04.012Z] ----------------------------------------------------------------------
[debug] 
[debug] [2025-07-20T17:35:04.185Z] > command requires scopes: ["email","openid","https://www.googleapis.com/auth/cloudplatformprojects.readonly","https://www.googleapis.com/auth/firebase","https://www.googleapis.com/auth/cloud-platform"]
[debug] [2025-07-20T17:35:04.186Z] > authorizing via signed-in user (50313tjx06@gmail.com)
[debug] [2025-07-20T17:35:04.186Z] [iam] checking project ck-club for permissions ["cloudfunctions.functions.create","cloudfunctions.functions.delete","cloudfunctions.functions.get","cloudfunctions.functions.list","cloudfunctions.functions.update","cloudfunctions.operations.get","firebase.projects.get"]
[debug] [2025-07-20T17:35:04.187Z] Checked if tokens are valid: true, expires at: 1753036026375
[debug] [2025-07-20T17:35:04.187Z] Checked if tokens are valid: true, expires at: 1753036026375
[debug] [2025-07-20T17:35:04.188Z] >>> [apiv2][query] POST https://cloudresourcemanager.googleapis.com/v1/projects/ck-club:testIamPermissions [none]
[debug] [2025-07-20T17:35:04.188Z] >>> [apiv2][(partial)header] POST https://cloudresourcemanager.googleapis.com/v1/projects/ck-club:testIamPermissions x-goog-quota-user=projects/ck-club
[debug] [2025-07-20T17:35:04.188Z] >>> [apiv2][body] POST https://cloudresourcemanager.googleapis.com/v1/projects/ck-club:testIamPermissions {"permissions":["cloudfunctions.functions.create","cloudfunctions.functions.delete","cloudfunctions.functions.get","cloudfunctions.functions.list","cloudfunctions.functions.update","cloudfunctions.operations.get","firebase.projects.get"]}
[debug] [2025-07-20T17:35:05.095Z] <<< [apiv2][status] POST https://cloudresourcemanager.googleapis.com/v1/projects/ck-club:testIamPermissions 200
[debug] [2025-07-20T17:35:05.095Z] <<< [apiv2][body] POST https://cloudresourcemanager.googleapis.com/v1/projects/ck-club:testIamPermissions {"permissions":["cloudfunctions.functions.create","cloudfunctions.functions.delete","cloudfunctions.functions.get","cloudfunctions.functions.list","cloudfunctions.functions.update","cloudfunctions.operations.get","firebase.projects.get"]}
[debug] [2025-07-20T17:35:05.096Z] Checked if tokens are valid: true, expires at: 1753036026375
[debug] [2025-07-20T17:35:05.096Z] Checked if tokens are valid: true, expires at: 1753036026375
[debug] [2025-07-20T17:35:05.096Z] >>> [apiv2][query] POST https://iam.googleapis.com/v1/projects/ck-club/serviceAccounts/ck-club@appspot.gserviceaccount.com:testIamPermissions [none]
[debug] [2025-07-20T17:35:05.096Z] >>> [apiv2][body] POST https://iam.googleapis.com/v1/projects/ck-club/serviceAccounts/ck-club@appspot.gserviceaccount.com:testIamPermissions {"permissions":["iam.serviceAccounts.actAs"]}
[debug] [2025-07-20T17:35:06.139Z] <<< [apiv2][status] POST https://iam.googleapis.com/v1/projects/ck-club/serviceAccounts/ck-club@appspot.gserviceaccount.com:testIamPermissions 200
[debug] [2025-07-20T17:35:06.139Z] <<< [apiv2][body] POST https://iam.googleapis.com/v1/projects/ck-club/serviceAccounts/ck-club@appspot.gserviceaccount.com:testIamPermissions {"permissions":["iam.serviceAccounts.actAs"]}
[info] 
[info] === Deploying to 'ck-club'...
[info] 
[info] i  deploying functions 
[debug] [2025-07-20T17:35:06.143Z] Checked if tokens are valid: true, expires at: 1753036026375
[debug] [2025-07-20T17:35:06.143Z] Checked if tokens are valid: true, expires at: 1753036026375
[debug] [2025-07-20T17:35:06.143Z] >>> [apiv2][query] GET https://cloudresourcemanager.googleapis.com/v1/projects/ck-club [none]
[debug] [2025-07-20T17:35:06.363Z] <<< [apiv2][status] GET https://cloudresourcemanager.googleapis.com/v1/projects/ck-club 200
[debug] [2025-07-20T17:35:06.363Z] <<< [apiv2][body] GET https://cloudresourcemanager.googleapis.com/v1/projects/ck-club {"projectNumber":"1080673921130","projectId":"ck-club","lifecycleState":"ACTIVE","name":"ck-club","labels":{"firebase":"enabled","firebase-core":"disabled"},"createTime":"2025-07-19T06:47:54.434400Z"}
[info] i  functions: preparing codebase default for deployment 
[info] i  functions: ensuring required API cloudfunctions.googleapis.com is enabled... 
[info] i  functions: ensuring required API cloudbuild.googleapis.com is enabled... 
[info] i  artifactregistry: ensuring required API artifactregistry.googleapis.com is enabled... 
[debug] [2025-07-20T17:35:06.367Z] Checked if tokens are valid: true, expires at: 1753036026375
[debug] [2025-07-20T17:35:06.367Z] Checked if tokens are valid: true, expires at: 1753036026375
[debug] [2025-07-20T17:35:06.367Z] >>> [apiv2][query] GET https://firebase.googleapis.com/v1beta1/projects/ck-club/adminSdkConfig [none]
[debug] [2025-07-20T17:35:06.647Z] <<< [apiv2][status] GET https://firebase.googleapis.com/v1beta1/projects/ck-club/adminSdkConfig 200
[debug] [2025-07-20T17:35:06.648Z] <<< [apiv2][body] GET https://firebase.googleapis.com/v1beta1/projects/ck-club/adminSdkConfig {"projectId":"ck-club","storageBucket":"ck-club.firebasestorage.app"}
[debug] [2025-07-20T17:35:06.648Z] Checked if tokens are valid: true, expires at: 1753036026375
[debug] [2025-07-20T17:35:06.649Z] Checked if tokens are valid: true, expires at: 1753036026375
[debug] [2025-07-20T17:35:06.649Z] >>> [apiv2][query] GET https://runtimeconfig.googleapis.com/v1beta1/projects/ck-club/configs [none]
[debug] [2025-07-20T17:35:06.971Z] <<< [apiv2][status] GET https://runtimeconfig.googleapis.com/v1beta1/projects/ck-club/configs 200
[debug] [2025-07-20T17:35:06.971Z] <<< [apiv2][body] GET https://runtimeconfig.googleapis.com/v1beta1/projects/ck-club/configs {}
[debug] [2025-07-20T17:35:06.974Z] Validating nodejs source
[debug] [2025-07-20T17:35:07.785Z] > [functions] package.json contents: {
  "name": "functions",
  "description": "Cloud Functions for Firebase",
  "scripts": {
    "serve": "firebase emulators:start --only functions",
    "shell": "firebase functions:shell",
    "start": "npm run shell",
    "deploy": "firebase deploy --only functions",
    "logs": "firebase functions:log"
  },
  "engines": {
    "node": "22"
  },
  "main": "index.js",
  "dependencies": {
    "firebase-admin": "^12.6.0",
    "firebase-functions": "^6.0.1"
  },
  "devDependencies": {
    "firebase-functions-test": "^3.1.0"
  },
  "private": true
}
[debug] [2025-07-20T17:35:07.786Z] Building nodejs source
[info] i  functions: Loading and analyzing source code for codebase default to determine what to deploy 
[debug] [2025-07-20T17:35:07.788Z] Could not find functions.yaml. Must use http discovery
[debug] [2025-07-20T17:35:07.808Z] Found firebase-functions binary at 'D:\Document_J\ck_club\functions\node_modules\.bin\firebase-functions'
[info] Serving at port 8482

[debug] [2025-07-20T17:35:08.381Z] Got response from /__/functions.yaml {"endpoints":{"updateLikeCount":{"availableMemoryMb":null,"timeoutSeconds":null,"minInstances":null,"maxInstances":null,"ingressSettings":null,"concurrency":null,"serviceAccountEmail":null,"vpc":null,"platform":"gcfv2","labels":{},"eventTrigger":{"eventType":"google.cloud.firestore.document.v1.written","eventFilters":{"database":"(default)","namespace":"(default)"},"eventFilterPathPatterns":{"document":"likes/{likeId}"},"retry":false},"entryPoint":"updateLikeCount"}},"specVersion":"v1alpha1","requiredAPIs":[],"extensions":{}}
[info] i  extensions: ensuring required API firebaseextensions.googleapis.com is enabled... 
[debug] [2025-07-20T17:35:12.432Z] Checked if tokens are valid: true, expires at: 1753036026375
[debug] [2025-07-20T17:35:12.432Z] Checked if tokens are valid: true, expires at: 1753036026375
[debug] [2025-07-20T17:35:12.432Z] >>> [apiv2][query] GET https://serviceusage.googleapis.com/v1/projects/ck-club/services/firebaseextensions.googleapis.com [none]
[debug] [2025-07-20T17:35:12.432Z] >>> [apiv2][(partial)header] GET https://serviceusage.googleapis.com/v1/projects/ck-club/services/firebaseextensions.googleapis.com x-goog-quota-user=projects/ck-club
[debug] [2025-07-20T17:35:13.844Z] <<< [apiv2][status] GET https://serviceusage.googleapis.com/v1/projects/ck-club/services/firebaseextensions.googleapis.com 200
[debug] [2025-07-20T17:35:13.844Z] <<< [apiv2][body] GET https://serviceusage.googleapis.com/v1/projects/ck-club/services/firebaseextensions.googleapis.com [omitted]
[warn] !  extensions: missing required API firebaseextensions.googleapis.com. Enabling now... 
[debug] [2025-07-20T17:35:13.846Z] Checked if tokens are valid: true, expires at: 1753036026375
[debug] [2025-07-20T17:35:13.846Z] Checked if tokens are valid: true, expires at: 1753036026375
[debug] [2025-07-20T17:35:13.847Z] >>> [apiv2][query] POST https://serviceusage.googleapis.com/v1/projects/ck-club/services/firebaseextensions.googleapis.com:enable [none]
[debug] [2025-07-20T17:35:13.847Z] >>> [apiv2][(partial)header] POST https://serviceusage.googleapis.com/v1/projects/ck-club/services/firebaseextensions.googleapis.com:enable x-goog-quota-user=projects/ck-club
[debug] [2025-07-20T17:35:15.136Z] <<< [apiv2][status] POST https://serviceusage.googleapis.com/v1/projects/ck-club/services/firebaseextensions.googleapis.com:enable 200
[debug] [2025-07-20T17:35:15.136Z] <<< [apiv2][body] POST https://serviceusage.googleapis.com/v1/projects/ck-club/services/firebaseextensions.googleapis.com:enable [omitted]
[debug] [2025-07-20T17:35:25.154Z] > command requires scopes: ["email","openid","https://www.googleapis.com/auth/cloudplatformprojects.readonly","https://www.googleapis.com/auth/firebase","https://www.googleapis.com/auth/cloud-platform"]
[debug] [2025-07-20T17:35:25.155Z] > authorizing via signed-in user (50313tjx06@gmail.com)
[debug] [2025-07-20T17:35:25.155Z] [iam] checking project ck-club for permissions ["firebase.projects.get","firebaseextensions.instances.list"]
[debug] [2025-07-20T17:35:25.155Z] Checked if tokens are valid: true, expires at: 1753036026375
[debug] [2025-07-20T17:35:25.155Z] Checked if tokens are valid: true, expires at: 1753036026375
[debug] [2025-07-20T17:35:25.156Z] >>> [apiv2][query] POST https://cloudresourcemanager.googleapis.com/v1/projects/ck-club:testIamPermissions [none]
[debug] [2025-07-20T17:35:25.156Z] >>> [apiv2][(partial)header] POST https://cloudresourcemanager.googleapis.com/v1/projects/ck-club:testIamPermissions x-goog-quota-user=projects/ck-club
[debug] [2025-07-20T17:35:25.156Z] >>> [apiv2][body] POST https://cloudresourcemanager.googleapis.com/v1/projects/ck-club:testIamPermissions {"permissions":["firebase.projects.get","firebaseextensions.instances.list"]}
[debug] [2025-07-20T17:35:25.401Z] <<< [apiv2][status] POST https://cloudresourcemanager.googleapis.com/v1/projects/ck-club:testIamPermissions 200
[debug] [2025-07-20T17:35:25.401Z] <<< [apiv2][body] POST https://cloudresourcemanager.googleapis.com/v1/projects/ck-club:testIamPermissions {"permissions":["firebase.projects.get","firebaseextensions.instances.list"]}
[debug] [2025-07-20T17:35:25.402Z] Checked if tokens are valid: true, expires at: 1753036026375
[debug] [2025-07-20T17:35:25.402Z] Checked if tokens are valid: true, expires at: 1753036026375
[debug] [2025-07-20T17:35:25.402Z] >>> [apiv2][query] GET https://firebaseextensions.googleapis.com/v1beta/projects/ck-club/instances pageSize=100&pageToken=
[debug] [2025-07-20T17:35:27.628Z] <<< [apiv2][status] GET https://firebaseextensions.googleapis.com/v1beta/projects/ck-club/instances 200
[debug] [2025-07-20T17:35:27.629Z] <<< [apiv2][body] GET https://firebaseextensions.googleapis.com/v1beta/projects/ck-club/instances {}
[info] i  functions: preparing functions directory for uploading... 
[info] i  functions: packaged D:\Document_J\ck_club\functions (68.23 KB) for uploading 
[debug] [2025-07-20T17:35:27.679Z] Checked if tokens are valid: true, expires at: 1753036026375
[debug] [2025-07-20T17:35:27.680Z] Checked if tokens are valid: true, expires at: 1753036026375
[debug] [2025-07-20T17:35:27.680Z] >>> [apiv2][query] GET https://cloudfunctions.googleapis.com/v1/projects/ck-club/locations/-/functions [none]
[debug] [2025-07-20T17:35:28.389Z] <<< [apiv2][status] GET https://cloudfunctions.googleapis.com/v1/projects/ck-club/locations/-/functions 200
[debug] [2025-07-20T17:35:28.389Z] <<< [apiv2][body] GET https://cloudfunctions.googleapis.com/v1/projects/ck-club/locations/-/functions {}
[debug] [2025-07-20T17:35:28.390Z] Checked if tokens are valid: true, expires at: 1753036026375
[debug] [2025-07-20T17:35:28.390Z] Checked if tokens are valid: true, expires at: 1753036026375
[debug] [2025-07-20T17:35:28.390Z] >>> [apiv2][query] GET https://cloudfunctions.googleapis.com/v2/projects/ck-club/locations/-/functions filter=environment%3D%22GEN_2%22
[debug] [2025-07-20T17:35:29.748Z] <<< [apiv2][status] GET https://cloudfunctions.googleapis.com/v2/projects/ck-club/locations/-/functions 200
[debug] [2025-07-20T17:35:29.748Z] <<< [apiv2][body] GET https://cloudfunctions.googleapis.com/v2/projects/ck-club/locations/-/functions {}
[debug] [2025-07-20T17:35:29.750Z] Checked if tokens are valid: true, expires at: 1753036026375
[debug] [2025-07-20T17:35:29.750Z] Checked if tokens are valid: true, expires at: 1753036026375
[debug] [2025-07-20T17:35:29.750Z] >>> [apiv2][query] GET https://firestore.googleapis.com/v1/projects/ck-club/databases/(default) [none]
[debug] [2025-07-20T17:35:29.958Z] <<< [apiv2][status] GET https://firestore.googleapis.com/v1/projects/ck-club/databases/(default) 200
[debug] [2025-07-20T17:35:29.958Z] <<< [apiv2][body] GET https://firestore.googleapis.com/v1/projects/ck-club/databases/(default) {"name":"projects/ck-club/databases/(default)","uid":"1f3d2617-5569-4cbe-92e1-5ffd8dcf6d4f","createTime":"2025-07-19T08:25:37.986337Z","updateTime":"2025-07-19T08:25:37.986337Z","locationId":"asia-east1","type":"FIRESTORE_NATIVE","concurrencyMode":"PESSIMISTIC","versionRetentionPeriod":"3600s","earliestVersionTime":"2025-07-20T16:35:30.912771Z","appEngineIntegrationMode":"DISABLED","keyPrefix":"zde","pointInTimeRecoveryEnablement":"POINT_IN_TIME_RECOVERY_DISABLED","deleteProtectionState":"DELETE_PROTECTION_DISABLED","databaseEdition":"STANDARD","freeTier":true,"etag":"IIXQgcn8y44DMO2a96jAyI4D"}
[info] i  functions: ensuring required API run.googleapis.com is enabled... 
[debug] [2025-07-20T17:35:29.961Z] Checked if tokens are valid: true, expires at: 1753036026375
[debug] [2025-07-20T17:35:29.961Z] Checked if tokens are valid: true, expires at: 1753036026375
[info] i  functions: ensuring required API eventarc.googleapis.com is enabled... 
[debug] [2025-07-20T17:35:29.962Z] Checked if tokens are valid: true, expires at: 1753036026375
[debug] [2025-07-20T17:35:29.963Z] Checked if tokens are valid: true, expires at: 1753036026375
[info] i  functions: ensuring required API pubsub.googleapis.com is enabled... 
[debug] [2025-07-20T17:35:29.964Z] Checked if tokens are valid: true, expires at: 1753036026375
[debug] [2025-07-20T17:35:29.964Z] Checked if tokens are valid: true, expires at: 1753036026375
[info] i  functions: ensuring required API storage.googleapis.com is enabled... 
[debug] [2025-07-20T17:35:29.964Z] Checked if tokens are valid: true, expires at: 1753036026375
[debug] [2025-07-20T17:35:29.965Z] Checked if tokens are valid: true, expires at: 1753036026375
[debug] [2025-07-20T17:35:29.965Z] >>> [apiv2][query] GET https://serviceusage.googleapis.com/v1/projects/1080673921130/services/run.googleapis.com [none]
[debug] [2025-07-20T17:35:29.965Z] >>> [apiv2][(partial)header] GET https://serviceusage.googleapis.com/v1/projects/1080673921130/services/run.googleapis.com x-goog-quota-user=projects/1080673921130
[debug] [2025-07-20T17:35:29.967Z] >>> [apiv2][query] GET https://serviceusage.googleapis.com/v1/projects/1080673921130/services/eventarc.googleapis.com [none]
[debug] [2025-07-20T17:35:29.967Z] >>> [apiv2][(partial)header] GET https://serviceusage.googleapis.com/v1/projects/1080673921130/services/eventarc.googleapis.com x-goog-quota-user=projects/1080673921130
[debug] [2025-07-20T17:35:29.970Z] >>> [apiv2][query] GET https://serviceusage.googleapis.com/v1/projects/1080673921130/services/pubsub.googleapis.com [none]
[debug] [2025-07-20T17:35:29.970Z] >>> [apiv2][(partial)header] GET https://serviceusage.googleapis.com/v1/projects/1080673921130/services/pubsub.googleapis.com x-goog-quota-user=projects/1080673921130
[debug] [2025-07-20T17:35:29.972Z] >>> [apiv2][query] GET https://serviceusage.googleapis.com/v1/projects/1080673921130/services/storage.googleapis.com [none]
[debug] [2025-07-20T17:35:29.972Z] >>> [apiv2][(partial)header] GET https://serviceusage.googleapis.com/v1/projects/1080673921130/services/storage.googleapis.com x-goog-quota-user=projects/1080673921130
[debug] [2025-07-20T17:35:31.125Z] <<< [apiv2][status] GET https://serviceusage.googleapis.com/v1/projects/1080673921130/services/eventarc.googleapis.com 200
[debug] [2025-07-20T17:35:31.125Z] <<< [apiv2][body] GET https://serviceusage.googleapis.com/v1/projects/1080673921130/services/eventarc.googleapis.com [omitted]
[warn] !  functions: missing required API eventarc.googleapis.com. Enabling now... 
[debug] [2025-07-20T17:35:31.126Z] Checked if tokens are valid: true, expires at: 1753036026375
[debug] [2025-07-20T17:35:31.127Z] Checked if tokens are valid: true, expires at: 1753036026375
[debug] [2025-07-20T17:35:31.127Z] >>> [apiv2][query] POST https://serviceusage.googleapis.com/v1/projects/1080673921130/services/eventarc.googleapis.com:enable [none]
[debug] [2025-07-20T17:35:31.127Z] >>> [apiv2][(partial)header] POST https://serviceusage.googleapis.com/v1/projects/1080673921130/services/eventarc.googleapis.com:enable x-goog-quota-user=projects/1080673921130
[debug] [2025-07-20T17:35:31.132Z] <<< [apiv2][status] GET https://serviceusage.googleapis.com/v1/projects/1080673921130/services/pubsub.googleapis.com 200
[debug] [2025-07-20T17:35:31.132Z] <<< [apiv2][body] GET https://serviceusage.googleapis.com/v1/projects/1080673921130/services/pubsub.googleapis.com [omitted]
[info] +  functions: required API pubsub.googleapis.com is enabled 
[debug] [2025-07-20T17:35:31.142Z] <<< [apiv2][status] GET https://serviceusage.googleapis.com/v1/projects/1080673921130/services/storage.googleapis.com 200
[debug] [2025-07-20T17:35:31.142Z] <<< [apiv2][body] GET https://serviceusage.googleapis.com/v1/projects/1080673921130/services/storage.googleapis.com [omitted]
[info] +  functions: required API storage.googleapis.com is enabled 
[debug] [2025-07-20T17:35:31.165Z] <<< [apiv2][status] GET https://serviceusage.googleapis.com/v1/projects/1080673921130/services/run.googleapis.com 200
[debug] [2025-07-20T17:35:31.165Z] <<< [apiv2][body] GET https://serviceusage.googleapis.com/v1/projects/1080673921130/services/run.googleapis.com [omitted]
[warn] !  functions: missing required API run.googleapis.com. Enabling now... 
[debug] [2025-07-20T17:35:31.165Z] Checked if tokens are valid: true, expires at: 1753036026375
[debug] [2025-07-20T17:35:31.165Z] Checked if tokens are valid: true, expires at: 1753036026375
[debug] [2025-07-20T17:35:31.165Z] >>> [apiv2][query] POST https://serviceusage.googleapis.com/v1/projects/1080673921130/services/run.googleapis.com:enable [none]
[debug] [2025-07-20T17:35:31.166Z] >>> [apiv2][(partial)header] POST https://serviceusage.googleapis.com/v1/projects/1080673921130/services/run.googleapis.com:enable x-goog-quota-user=projects/1080673921130
[debug] [2025-07-20T17:35:32.283Z] <<< [apiv2][status] POST https://serviceusage.googleapis.com/v1/projects/1080673921130/services/eventarc.googleapis.com:enable 200
[debug] [2025-07-20T17:35:32.283Z] <<< [apiv2][body] POST https://serviceusage.googleapis.com/v1/projects/1080673921130/services/eventarc.googleapis.com:enable [omitted]
[debug] [2025-07-20T17:35:32.446Z] <<< [apiv2][status] POST https://serviceusage.googleapis.com/v1/projects/1080673921130/services/run.googleapis.com:enable 200
[debug] [2025-07-20T17:35:32.446Z] <<< [apiv2][body] POST https://serviceusage.googleapis.com/v1/projects/1080673921130/services/run.googleapis.com:enable [omitted]
[info] i  functions: generating the service identity for pubsub.googleapis.com... 
[debug] [2025-07-20T17:35:42.462Z] Checked if tokens are valid: true, expires at: 1753036026375
[debug] [2025-07-20T17:35:42.462Z] Checked if tokens are valid: true, expires at: 1753036026375
[info] i  functions: generating the service identity for eventarc.googleapis.com... 
[debug] [2025-07-20T17:35:42.463Z] Checked if tokens are valid: true, expires at: 1753036026375
[debug] [2025-07-20T17:35:42.463Z] Checked if tokens are valid: true, expires at: 1753036026375
[debug] [2025-07-20T17:35:42.464Z] >>> [apiv2][query] POST https://serviceusage.googleapis.com/v1beta1/projects/1080673921130/services/pubsub.googleapis.com:generateServiceIdentity [none]
[debug] [2025-07-20T17:35:42.464Z] >>> [apiv2][(partial)header] POST https://serviceusage.googleapis.com/v1beta1/projects/1080673921130/services/pubsub.googleapis.com:generateServiceIdentity x-goog-quota-user=projects/1080673921130
[debug] [2025-07-20T17:35:42.464Z] >>> [apiv2][body] POST https://serviceusage.googleapis.com/v1beta1/projects/1080673921130/services/pubsub.googleapis.com:generateServiceIdentity {}
[debug] [2025-07-20T17:35:42.467Z] >>> [apiv2][query] POST https://serviceusage.googleapis.com/v1beta1/projects/1080673921130/services/eventarc.googleapis.com:generateServiceIdentity [none]
[debug] [2025-07-20T17:35:42.467Z] >>> [apiv2][(partial)header] POST https://serviceusage.googleapis.com/v1beta1/projects/1080673921130/services/eventarc.googleapis.com:generateServiceIdentity x-goog-quota-user=projects/1080673921130
[debug] [2025-07-20T17:35:42.467Z] >>> [apiv2][body] POST https://serviceusage.googleapis.com/v1beta1/projects/1080673921130/services/eventarc.googleapis.com:generateServiceIdentity {}
[debug] [2025-07-20T17:35:43.304Z] <<< [apiv2][status] POST https://serviceusage.googleapis.com/v1beta1/projects/1080673921130/services/pubsub.googleapis.com:generateServiceIdentity 200
[debug] [2025-07-20T17:35:43.304Z] <<< [apiv2][body] POST https://serviceusage.googleapis.com/v1beta1/projects/1080673921130/services/pubsub.googleapis.com:generateServiceIdentity {"name":"operations/finished.DONE_OPERATION","done":true,"response":{"@type":"type.googleapis.com/google.api.serviceusage.v1beta1.ServiceIdentity","email":"service-1080673921130@gcp-sa-pubsub.iam.gserviceaccount.com","uniqueId":"115416127039327795792"}}
[debug] [2025-07-20T17:35:44.215Z] <<< [apiv2][status] POST https://serviceusage.googleapis.com/v1beta1/projects/1080673921130/services/eventarc.googleapis.com:generateServiceIdentity 200
[debug] [2025-07-20T17:35:44.215Z] <<< [apiv2][body] POST https://serviceusage.googleapis.com/v1beta1/projects/1080673921130/services/eventarc.googleapis.com:generateServiceIdentity {"name":"operations/finished.DONE_OPERATION","done":true,"response":{"@type":"type.googleapis.com/google.api.serviceusage.v1beta1.ServiceIdentity","email":"service-1080673921130@gcp-sa-eventarc.iam.gserviceaccount.com","uniqueId":"106779560833713571159"}}
[debug] [2025-07-20T17:35:44.218Z] Checked if tokens are valid: true, expires at: 1753036026375
[debug] [2025-07-20T17:35:44.218Z] Checked if tokens are valid: true, expires at: 1753036026375
[debug] [2025-07-20T17:35:44.218Z] >>> [apiv2][query] GET https://compute.googleapis.com/compute/v1/projects/1080673921130 [none]
[debug] [2025-07-20T17:35:44.624Z] <<< [apiv2][status] GET https://compute.googleapis.com/compute/v1/projects/1080673921130 403
[debug] [2025-07-20T17:35:44.625Z] <<< [apiv2][body] GET https://compute.googleapis.com/compute/v1/projects/1080673921130 {"error":{"code":403,"message":"Compute Engine API has not been used in project 1080673921130 before or it is disabled. Enable it by visiting https://console.developers.google.com/apis/api/compute.googleapis.com/overview?project=1080673921130 then retry. If you enabled this API recently, wait a few minutes for the action to propagate to our systems and retry.","errors":[{"message":"Compute Engine API has not been used in project 1080673921130 before or it is disabled. Enable it by visiting https://console.developers.google.com/apis/api/compute.googleapis.com/overview?project=1080673921130 then retry. If you enabled this API recently, wait a few minutes for the action to propagate to our systems and retry.","domain":"usageLimits","reason":"accessNotConfigured","extendedHelp":"https://console.developers.google.com"}],"status":"PERMISSION_DENIED","details":[{"@type":"type.googleapis.com/google.rpc.ErrorInfo","reason":"SERVICE_DISABLED","domain":"googleapis.com","metadata":{"containerInfo":"1080673921130","service":"compute.googleapis.com","consumer":"projects/1080673921130","activationUrl":"https://console.developers.google.com/apis/api/compute.googleapis.com/overview?project=1080673921130","serviceTitle":"Compute Engine API"}},{"@type":"type.googleapis.com/google.rpc.LocalizedMessage","locale":"en-US","message":"Compute Engine API has not been used in project 1080673921130 before or it is disabled. Enable it by visiting https://console.developers.google.com/apis/api/compute.googleapis.com/overview?project=1080673921130 then retry. If you enabled this API recently, wait a few minutes for the action to propagate to our systems and retry."},{"@type":"type.googleapis.com/google.rpc.Help","links":[{"description":"Google developers console API activation","url":"https://console.developers.google.com/apis/api/compute.googleapis.com/overview?project=1080673921130"}]}]}}
[debug] [2025-07-20T17:35:44.625Z] unable to look up default compute service account. Falling back to 1080673921130-compute@developer.gserviceaccount.com. Error: {"name":"FirebaseError","children":[],"context":{"body":{"error":{"code":403,"message":"Compute Engine API has not been used in project 1080673921130 before or it is disabled. Enable it by visiting https://console.developers.google.com/apis/api/compute.googleapis.com/overview?project=1080673921130 then retry. If you enabled this API recently, wait a few minutes for the action to propagate to our systems and retry.","errors":[{"message":"Compute Engine API has not been used in project 1080673921130 before or it is disabled. Enable it by visiting https://console.developers.google.com/apis/api/compute.googleapis.com/overview?project=1080673921130 then retry. If you enabled this API recently, wait a few minutes for the action to propagate to our systems and retry.","domain":"usageLimits","reason":"accessNotConfigured","extendedHelp":"https://console.developers.google.com"}],"status":"PERMISSION_DENIED","details":[{"@type":"type.googleapis.com/google.rpc.ErrorInfo","reason":"SERVICE_DISABLED","domain":"googleapis.com","metadata":{"containerInfo":"1080673921130","service":"compute.googleapis.com","consumer":"projects/1080673921130","activationUrl":"https://console.developers.google.com/apis/api/compute.googleapis.com/overview?project=1080673921130","serviceTitle":"Compute Engine API"}},{"@type":"type.googleapis.com/google.rpc.LocalizedMessage","locale":"en-US","message":"Compute Engine API has not been used in project 1080673921130 before or it is disabled. Enable it by visiting https://console.developers.google.com/apis/api/compute.googleapis.com/overview?project=1080673921130 then retry. If you enabled this API recently, wait a few minutes for the action to propagate to our systems and retry."},{"@type":"type.googleapis.com/google.rpc.Help","links":[{"description":"Google developers console API activation","url":"https://console.developers.google.com/apis/api/compute.googleapis.com/overview?project=1080673921130"}]}]}},"response":{"statusCode":403}},"exit":1,"message":"Request to https://compute.googleapis.com/compute/v1/projects/1080673921130 had HTTP Error: 403, Compute Engine API has not been used in project 1080673921130 before or it is disabled. Enable it by visiting https://console.developers.google.com/apis/api/compute.googleapis.com/overview?project=1080673921130 then retry. If you enabled this API recently, wait a few minutes for the action to propagate to our systems and retry.","status":403}
[debug] [2025-07-20T17:35:44.626Z] Checked if tokens are valid: true, expires at: 1753036026375
[debug] [2025-07-20T17:35:44.626Z] Checked if tokens are valid: true, expires at: 1753036026375
[debug] [2025-07-20T17:35:44.626Z] >>> [apiv2][query] POST https://cloudresourcemanager.googleapis.com/v1/projects/1080673921130:getIamPolicy [none]
[debug] [2025-07-20T17:35:45.734Z] <<< [apiv2][status] POST https://cloudresourcemanager.googleapis.com/v1/projects/1080673921130:getIamPolicy 200
[debug] [2025-07-20T17:35:45.734Z] <<< [apiv2][body] POST https://cloudresourcemanager.googleapis.com/v1/projects/1080673921130:getIamPolicy {"version":1,"etag":"BwY6X8l5APM=","bindings":[{"role":"roles/cloudbuild.builds.builder","members":["serviceAccount:1080673921130@cloudbuild.gserviceaccount.com"]},{"role":"roles/cloudbuild.serviceAgent","members":["serviceAccount:service-1080673921130@gcp-sa-cloudbuild.iam.gserviceaccount.com"]},{"role":"roles/cloudfunctions.developer","members":["serviceAccount:github-action-1010553429@ck-club.iam.gserviceaccount.com"]},{"role":"roles/cloudfunctions.serviceAgent","members":["serviceAccount:service-1080673921130@gcf-admin-robot.iam.gserviceaccount.com"]},{"role":"roles/containerregistry.ServiceAgent","members":["serviceAccount:service-1080673921130@containerregistry.iam.gserviceaccount.com"]},{"role":"roles/editor","members":["serviceAccount:1080673921130@cloudservices.gserviceaccount.com","serviceAccount:ck-club@appspot.gserviceaccount.com","serviceAccount:1080673921130-compute@developer.gserviceaccount.com"]},{"role":"roles/firebase.managementServiceAgent","members":["serviceAccount:service-1080673921130@gcp-sa-firebase.iam.gserviceaccount.com"]},{"role":"roles/firebase.sdkAdminServiceAgent","members":["serviceAccount:firebase-adminsdk-fbsvc@ck-club.iam.gserviceaccount.com"]},{"role":"roles/firebaseauth.admin","members":["serviceAccount:github-action-1010553429@ck-club.iam.gserviceaccount.com"]},{"role":"roles/firebasehosting.admin","members":["serviceAccount:github-action-1010553429@ck-club.iam.gserviceaccount.com"]},{"role":"roles/firebasemods.serviceAgent","members":["serviceAccount:service-1080673921130@gcp-sa-firebasemods.iam.gserviceaccount.com"]},{"role":"roles/firebaserules.system","members":["serviceAccount:service-1080673921130@firebase-rules.iam.gserviceaccount.com"]},{"role":"roles/firestore.serviceAgent","members":["serviceAccount:service-1080673921130@gcp-sa-firestore.iam.gserviceaccount.com"]},{"role":"roles/iam.serviceAccountTokenCreator","members":["serviceAccount:firebase-adminsdk-fbsvc@ck-club.iam.gserviceaccount.com"]},{"role":"roles/owner","members":["user:50313tjx06@gmail.com"]},{"role":"roles/run.serviceAgent","members":["serviceAccount:service-1080673921130@serverless-robot-prod.iam.gserviceaccount.com"]},{"role":"roles/run.viewer","members":["serviceAccount:github-action-1010553429@ck-club.iam.gserviceaccount.com"]},{"role":"roles/serviceusage.apiKeysViewer","members":["serviceAccount:github-action-1010553429@ck-club.iam.gserviceaccount.com"]},{"role":"roles/serviceusage.serviceUsageConsumer","members":["serviceAccount:github-action-1010553429@ck-club.iam.gserviceaccount.com"]}]}
[debug] [2025-07-20T17:35:45.734Z] Checked if tokens are valid: true, expires at: 1753036026375
[debug] [2025-07-20T17:35:45.734Z] Checked if tokens are valid: true, expires at: 1753036026375
[debug] [2025-07-20T17:35:45.735Z] >>> [apiv2][query] POST https://cloudresourcemanager.googleapis.com/v1/projects/1080673921130:setIamPolicy [none]
[debug] [2025-07-20T17:35:45.735Z] >>> [apiv2][body] POST https://cloudresourcemanager.googleapis.com/v1/projects/1080673921130:setIamPolicy {"policy":{"version":1,"etag":"BwY6X8l5APM=","bindings":[{"role":"roles/cloudbuild.builds.builder","members":["serviceAccount:1080673921130@cloudbuild.gserviceaccount.com"]},{"role":"roles/cloudbuild.serviceAgent","members":["serviceAccount:service-1080673921130@gcp-sa-cloudbuild.iam.gserviceaccount.com"]},{"role":"roles/cloudfunctions.developer","members":["serviceAccount:github-action-1010553429@ck-club.iam.gserviceaccount.com"]},{"role":"roles/cloudfunctions.serviceAgent","members":["serviceAccount:service-1080673921130@gcf-admin-robot.iam.gserviceaccount.com"]},{"role":"roles/containerregistry.ServiceAgent","members":["serviceAccount:service-1080673921130@containerregistry.iam.gserviceaccount.com"]},{"role":"roles/editor","members":["serviceAccount:1080673921130@cloudservices.gserviceaccount.com","serviceAccount:ck-club@appspot.gserviceaccount.com","serviceAccount:1080673921130-compute@developer.gserviceaccount.com"]},{"role":"roles/firebase.managementServiceAgent","members":["serviceAccount:service-1080673921130@gcp-sa-firebase.iam.gserviceaccount.com"]},{"role":"roles/firebase.sdkAdminServiceAgent","members":["serviceAccount:firebase-adminsdk-fbsvc@ck-club.iam.gserviceaccount.com"]},{"role":"roles/firebaseauth.admin","members":["serviceAccount:github-action-1010553429@ck-club.iam.gserviceaccount.com"]},{"role":"roles/firebasehosting.admin","members":["serviceAccount:github-action-1010553429@ck-club.iam.gserviceaccount.com"]},{"role":"roles/firebasemods.serviceAgent","members":["serviceAccount:service-1080673921130@gcp-sa-firebasemods.iam.gserviceaccount.com"]},{"role":"roles/firebaserules.system","members":["serviceAccount:service-1080673921130@firebase-rules.iam.gserviceaccount.com"]},{"role":"roles/firestore.serviceAgent","members":["serviceAccount:service-1080673921130@gcp-sa-firestore.iam.gserviceaccount.com"]},{"role":"roles/iam.serviceAccountTokenCreator","members":["serviceAccount:firebase-adminsdk-fbsvc@ck-club.iam.gserviceaccount.com","serviceAccount:service-1080673921130@gcp-sa-pubsub.iam.gserviceaccount.com"]},{"role":"roles/owner","members":["user:50313tjx06@gmail.com"]},{"role":"roles/run.serviceAgent","members":["serviceAccount:service-1080673921130@serverless-robot-prod.iam.gserviceaccount.com"]},{"role":"roles/run.viewer","members":["serviceAccount:github-action-1010553429@ck-club.iam.gserviceaccount.com"]},{"role":"roles/serviceusage.apiKeysViewer","members":["serviceAccount:github-action-1010553429@ck-club.iam.gserviceaccount.com"]},{"role":"roles/serviceusage.serviceUsageConsumer","members":["serviceAccount:github-action-1010553429@ck-club.iam.gserviceaccount.com"]},{"role":"roles/run.invoker","members":["serviceAccount:1080673921130-compute@developer.gserviceaccount.com"]},{"role":"roles/eventarc.eventReceiver","members":["serviceAccount:1080673921130-compute@developer.gserviceaccount.com"]}]},"updateMask":"bindings"}
[debug] [2025-07-20T17:35:46.608Z] <<< [apiv2][status] POST https://cloudresourcemanager.googleapis.com/v1/projects/1080673921130:setIamPolicy 200
[debug] [2025-07-20T17:35:46.608Z] <<< [apiv2][body] POST https://cloudresourcemanager.googleapis.com/v1/projects/1080673921130:setIamPolicy {"version":1,"etag":"BwY6X8odBtw=","bindings":[{"role":"roles/cloudbuild.builds.builder","members":["serviceAccount:1080673921130@cloudbuild.gserviceaccount.com"]},{"role":"roles/cloudbuild.serviceAgent","members":["serviceAccount:service-1080673921130@gcp-sa-cloudbuild.iam.gserviceaccount.com"]},{"role":"roles/cloudfunctions.developer","members":["serviceAccount:github-action-1010553429@ck-club.iam.gserviceaccount.com"]},{"role":"roles/cloudfunctions.serviceAgent","members":["serviceAccount:service-1080673921130@gcf-admin-robot.iam.gserviceaccount.com"]},{"role":"roles/containerregistry.ServiceAgent","members":["serviceAccount:service-1080673921130@containerregistry.iam.gserviceaccount.com"]},{"role":"roles/editor","members":["serviceAccount:1080673921130-compute@developer.gserviceaccount.com","serviceAccount:1080673921130@cloudservices.gserviceaccount.com","serviceAccount:ck-club@appspot.gserviceaccount.com"]},{"role":"roles/eventarc.eventReceiver","members":["serviceAccount:1080673921130-compute@developer.gserviceaccount.com"]},{"role":"roles/firebase.managementServiceAgent","members":["serviceAccount:service-1080673921130@gcp-sa-firebase.iam.gserviceaccount.com"]},{"role":"roles/firebase.sdkAdminServiceAgent","members":["serviceAccount:firebase-adminsdk-fbsvc@ck-club.iam.gserviceaccount.com"]},{"role":"roles/firebaseauth.admin","members":["serviceAccount:github-action-1010553429@ck-club.iam.gserviceaccount.com"]},{"role":"roles/firebasehosting.admin","members":["serviceAccount:github-action-1010553429@ck-club.iam.gserviceaccount.com"]},{"role":"roles/firebasemods.serviceAgent","members":["serviceAccount:service-1080673921130@gcp-sa-firebasemods.iam.gserviceaccount.com"]},{"role":"roles/firebaserules.system","members":["serviceAccount:service-1080673921130@firebase-rules.iam.gserviceaccount.com"]},{"role":"roles/firestore.serviceAgent","members":["serviceAccount:service-1080673921130@gcp-sa-firestore.iam.gserviceaccount.com"]},{"role":"roles/iam.serviceAccountTokenCreator","members":["serviceAccount:firebase-adminsdk-fbsvc@ck-club.iam.gserviceaccount.com","serviceAccount:service-1080673921130@gcp-sa-pubsub.iam.gserviceaccount.com"]},{"role":"roles/owner","members":["user:50313tjx06@gmail.com"]},{"role":"roles/run.invoker","members":["serviceAccount:1080673921130-compute@developer.gserviceaccount.com"]},{"role":"roles/run.serviceAgent","members":["serviceAccount:service-1080673921130@serverless-robot-prod.iam.gserviceaccount.com"]},{"role":"roles/run.viewer","members":["serviceAccount:github-action-1010553429@ck-club.iam.gserviceaccount.com"]},{"role":"roles/serviceusage.apiKeysViewer","members":["serviceAccount:github-action-1010553429@ck-club.iam.gserviceaccount.com"]},{"role":"roles/serviceusage.serviceUsageConsumer","members":["serviceAccount:github-action-1010553429@ck-club.iam.gserviceaccount.com"]}]}
[debug] [2025-07-20T17:35:46.610Z] Checked if tokens are valid: true, expires at: 1753036026375
[debug] [2025-07-20T17:35:46.610Z] Checked if tokens are valid: true, expires at: 1753036026375
[debug] [2025-07-20T17:35:46.610Z] >>> [apiv2][query] GET https://cloudresourcemanager.googleapis.com/v1/projects/ck-club [none]
[debug] [2025-07-20T17:35:46.849Z] <<< [apiv2][status] GET https://cloudresourcemanager.googleapis.com/v1/projects/ck-club 200
[debug] [2025-07-20T17:35:46.849Z] <<< [apiv2][body] GET https://cloudresourcemanager.googleapis.com/v1/projects/ck-club {"projectNumber":"1080673921130","projectId":"ck-club","lifecycleState":"ACTIVE","name":"ck-club","labels":{"firebase":"enabled","firebase-core":"disabled"},"createTime":"2025-07-19T06:47:54.434400Z"}
[debug] [2025-07-20T17:35:46.849Z] Checked if tokens are valid: true, expires at: 1753036026375
[debug] [2025-07-20T17:35:46.849Z] Checked if tokens are valid: true, expires at: 1753036026375
[debug] [2025-07-20T17:35:46.849Z] >>> [apiv2][query] GET https://compute.googleapis.com/compute/v1/projects/1080673921130 [none]
[debug] [2025-07-20T17:35:47.059Z] <<< [apiv2][status] GET https://compute.googleapis.com/compute/v1/projects/1080673921130 403
[debug] [2025-07-20T17:35:47.060Z] <<< [apiv2][body] GET https://compute.googleapis.com/compute/v1/projects/1080673921130 {"error":{"code":403,"message":"Compute Engine API has not been used in project 1080673921130 before or it is disabled. Enable it by visiting https://console.developers.google.com/apis/api/compute.googleapis.com/overview?project=1080673921130 then retry. If you enabled this API recently, wait a few minutes for the action to propagate to our systems and retry.","errors":[{"message":"Compute Engine API has not been used in project 1080673921130 before or it is disabled. Enable it by visiting https://console.developers.google.com/apis/api/compute.googleapis.com/overview?project=1080673921130 then retry. If you enabled this API recently, wait a few minutes for the action to propagate to our systems and retry.","domain":"usageLimits","reason":"accessNotConfigured","extendedHelp":"https://console.developers.google.com"}],"status":"PERMISSION_DENIED","details":[{"@type":"type.googleapis.com/google.rpc.ErrorInfo","reason":"SERVICE_DISABLED","domain":"googleapis.com","metadata":{"consumer":"projects/1080673921130","serviceTitle":"Compute Engine API","service":"compute.googleapis.com","activationUrl":"https://console.developers.google.com/apis/api/compute.googleapis.com/overview?project=1080673921130","containerInfo":"1080673921130"}},{"@type":"type.googleapis.com/google.rpc.LocalizedMessage","locale":"en-US","message":"Compute Engine API has not been used in project 1080673921130 before or it is disabled. Enable it by visiting https://console.developers.google.com/apis/api/compute.googleapis.com/overview?project=1080673921130 then retry. If you enabled this API recently, wait a few minutes for the action to propagate to our systems and retry."},{"@type":"type.googleapis.com/google.rpc.Help","links":[{"description":"Google developers console API activation","url":"https://console.developers.google.com/apis/api/compute.googleapis.com/overview?project=1080673921130"}]}]}}
[debug] [2025-07-20T17:35:47.060Z] unable to look up default compute service account. Falling back to 1080673921130-compute@developer.gserviceaccount.com. Error: {"name":"FirebaseError","children":[],"context":{"body":{"error":{"code":403,"message":"Compute Engine API has not been used in project 1080673921130 before or it is disabled. Enable it by visiting https://console.developers.google.com/apis/api/compute.googleapis.com/overview?project=1080673921130 then retry. If you enabled this API recently, wait a few minutes for the action to propagate to our systems and retry.","errors":[{"message":"Compute Engine API has not been used in project 1080673921130 before or it is disabled. Enable it by visiting https://console.developers.google.com/apis/api/compute.googleapis.com/overview?project=1080673921130 then retry. If you enabled this API recently, wait a few minutes for the action to propagate to our systems and retry.","domain":"usageLimits","reason":"accessNotConfigured","extendedHelp":"https://console.developers.google.com"}],"status":"PERMISSION_DENIED","details":[{"@type":"type.googleapis.com/google.rpc.ErrorInfo","reason":"SERVICE_DISABLED","domain":"googleapis.com","metadata":{"consumer":"projects/1080673921130","serviceTitle":"Compute Engine API","service":"compute.googleapis.com","activationUrl":"https://console.developers.google.com/apis/api/compute.googleapis.com/overview?project=1080673921130","containerInfo":"1080673921130"}},{"@type":"type.googleapis.com/google.rpc.LocalizedMessage","locale":"en-US","message":"Compute Engine API has not been used in project 1080673921130 before or it is disabled. Enable it by visiting https://console.developers.google.com/apis/api/compute.googleapis.com/overview?project=1080673921130 then retry. If you enabled this API recently, wait a few minutes for the action to propagate to our systems and retry."},{"@type":"type.googleapis.com/google.rpc.Help","links":[{"description":"Google developers console API activation","url":"https://console.developers.google.com/apis/api/compute.googleapis.com/overview?project=1080673921130"}]}]}},"response":{"statusCode":403}},"exit":1,"message":"Request to https://compute.googleapis.com/compute/v1/projects/1080673921130 had HTTP Error: 403, Compute Engine API has not been used in project 1080673921130 before or it is disabled. Enable it by visiting https://console.developers.google.com/apis/api/compute.googleapis.com/overview?project=1080673921130 then retry. If you enabled this API recently, wait a few minutes for the action to propagate to our systems and retry.","status":403}
[debug] [2025-07-20T17:35:47.062Z] Checked if tokens are valid: true, expires at: 1753036026375
[debug] [2025-07-20T17:35:47.062Z] Checked if tokens are valid: true, expires at: 1753036026375
[debug] [2025-07-20T17:35:47.062Z] >>> [apiv2][query] GET https://cloudbilling.googleapis.com/v1/projects/ck-club/billingInfo [none]
[debug] [2025-07-20T17:35:48.230Z] <<< [apiv2][status] GET https://cloudbilling.googleapis.com/v1/projects/ck-club/billingInfo 200
[debug] [2025-07-20T17:35:48.230Z] <<< [apiv2][body] GET https://cloudbilling.googleapis.com/v1/projects/ck-club/billingInfo {"name":"projects/ck-club/billingInfo","projectId":"ck-club","billingAccountName":"billingAccounts/0126A1-393AC4-55B706","billingEnabled":true}
[debug] [2025-07-20T17:35:48.232Z] Checked if tokens are valid: true, expires at: 1753036026375
[debug] [2025-07-20T17:35:48.232Z] Checked if tokens are valid: true, expires at: 1753036026375
[debug] [2025-07-20T17:35:48.232Z] >>> [apiv2][query] POST https://cloudfunctions.googleapis.com/v2/projects/ck-club/locations/us-central1/functions:generateUploadUrl [none]
[debug] [2025-07-20T17:35:50.596Z] <<< [apiv2][status] POST https://cloudfunctions.googleapis.com/v2/projects/ck-club/locations/us-central1/functions:generateUploadUrl 200
[debug] [2025-07-20T17:35:50.596Z] <<< [apiv2][body] POST https://cloudfunctions.googleapis.com/v2/projects/ck-club/locations/us-central1/functions:generateUploadUrl {"uploadUrl":"https://storage.googleapis.com/gcf-v2-uploads-1080673921130.us-central1.cloudfunctions.appspot.com/13bddd22-fe2d-404c-97a3-3dacb1d96777.zip?GoogleAccessId=service-1080673921130@gcf-admin-robot.iam.gserviceaccount.com&Expires=1753034751&Signature=edhOMeC0Ad0WGdx5%2Bj3O9bXbDYGXYGALA1deDmL%2BjGoE%2FLtFIRAhmVoAsAQ9oBOKHunc16Zl39pF2IvR0uXwvJEBHE6TEmEeeFYP2b6GPeJFI%2FDN3pyXCB46oob%2FBgMR0eYR32y4%2FrObHQErHhg7srhPcOrHvX2qJAtExvRDFeQzGaI8KDYj7dtjuY7mM%2F7hHSFi%2FVaU04Vg0aZo4QrsjQpqrpj1aukZsbr%2BR6G5ZEplrBJBfR9m%2BEcV4B%2FHVvXYWXAc4IS9hApwRTmOS6lBw%2FKoIDxmWIHrAalIyxsx0eIzdNc8kVkS9S29SEIprhTUoAX9gwt%2F9xZUl3MVi1Mjzg%3D%3D","storageSource":{"bucket":"gcf-v2-uploads-1080673921130.us-central1.cloudfunctions.appspot.com","object":"13bddd22-fe2d-404c-97a3-3dacb1d96777.zip"}}
[debug] [2025-07-20T17:35:50.597Z] >>> [apiv2][query] PUT https://storage.googleapis.com/gcf-v2-uploads-1080673921130.us-central1.cloudfunctions.appspot.com/13bddd22-fe2d-404c-97a3-3dacb1d96777.zip GoogleAccessId=service-1080673921130%40gcf-admin-robot.iam.gserviceaccount.com&Expires=1753034751&Signature=edhOMeC0Ad0WGdx5%2Bj3O9bXbDYGXYGALA1deDmL%2BjGoE%2FLtFIRAhmVoAsAQ9oBOKHunc16Zl39pF2IvR0uXwvJEBHE6TEmEeeFYP2b6GPeJFI%2FDN3pyXCB46oob%2FBgMR0eYR32y4%2FrObHQErHhg7srhPcOrHvX2qJAtExvRDFeQzGaI8KDYj7dtjuY7mM%2F7hHSFi%2FVaU04Vg0aZo4QrsjQpqrpj1aukZsbr%2BR6G5ZEplrBJBfR9m%2BEcV4B%2FHVvXYWXAc4IS9hApwRTmOS6lBw%2FKoIDxmWIHrAalIyxsx0eIzdNc8kVkS9S29SEIprhTUoAX9gwt%2F9xZUl3MVi1Mjzg%3D%3D
[debug] [2025-07-20T17:35:50.597Z] >>> [apiv2][body] PUT https://storage.googleapis.com/gcf-v2-uploads-1080673921130.us-central1.cloudfunctions.appspot.com/13bddd22-fe2d-404c-97a3-3dacb1d96777.zip [stream]
[debug] [2025-07-20T17:35:52.050Z] <<< [apiv2][status] PUT https://storage.googleapis.com/gcf-v2-uploads-1080673921130.us-central1.cloudfunctions.appspot.com/13bddd22-fe2d-404c-97a3-3dacb1d96777.zip 200
[debug] [2025-07-20T17:35:52.050Z] <<< [apiv2][body] PUT https://storage.googleapis.com/gcf-v2-uploads-1080673921130.us-central1.cloudfunctions.appspot.com/13bddd22-fe2d-404c-97a3-3dacb1d96777.zip [omitted]
[info] +  functions: functions folder uploaded successfully 
[info] i  functions: creating Node.js 22 (2nd Gen) function updateLikeCount(us-central1)... 
[debug] [2025-07-20T17:35:52.058Z] Checked if tokens are valid: true, expires at: 1753036026375
[debug] [2025-07-20T17:35:52.058Z] Checked if tokens are valid: true, expires at: 1753036026375
[debug] [2025-07-20T17:35:52.058Z] >>> [apiv2][query] POST https://cloudfunctions.googleapis.com/v2/projects/ck-club/locations/us-central1/functions functionId=updateLikeCount
[debug] [2025-07-20T17:35:52.058Z] >>> [apiv2][body] POST https://cloudfunctions.googleapis.com/v2/projects/ck-club/locations/us-central1/functions {"name":"projects/ck-club/locations/us-central1/functions/updateLikeCount","buildConfig":{"runtime":"nodejs22","entryPoint":"updateLikeCount","source":{"storageSource":{"bucket":"gcf-v2-uploads-1080673921130.us-central1.cloudfunctions.appspot.com","object":"13bddd22-fe2d-404c-97a3-3dacb1d96777.zip"}},"environmentVariables":{"GOOGLE_NODE_RUN_SCRIPTS":""}},"serviceConfig":{"environmentVariables":{"FIREBASE_CONFIG":"{\"projectId\":\"ck-club\",\"storageBucket\":\"ck-club.firebasestorage.app\"}","GCLOUD_PROJECT":"ck-club","EVENTARC_CLOUD_EVENT_SOURCE":"projects/ck-club/locations/us-central1/services/updateLikeCount","FUNCTION_SIGNATURE_TYPE":"cloudevent","FUNCTION_TARGET":"updateLikeCount","LOG_EXECUTION_ID":"true"},"ingressSettings":null,"timeoutSeconds":null,"serviceAccountEmail":null,"availableMemory":"256Mi","minInstanceCount":null,"maxInstanceCount":null,"maxInstanceRequestConcurrency":80,"availableCpu":"1","vpcConnector":null,"vpcConnectorEgressSettings":null},"labels":{"deployment-tool":"cli-firebase","firebase-functions-hash":"c2b5fd3105dde56bd455f2808f58b2ba7b564457"},"eventTrigger":{"eventType":"google.cloud.firestore.document.v1.written","retryPolicy":"RETRY_POLICY_DO_NOT_RETRY","eventFilters":[{"attribute":"database","value":"(default)"},{"attribute":"namespace","value":"(default)"},{"attribute":"document","value":"likes/{likeId}","operator":"match-path-pattern"}],"triggerRegion":"asia-east1"}}
[debug] [2025-07-20T17:36:10.096Z] <<< [apiv2][status] POST https://cloudfunctions.googleapis.com/v2/projects/ck-club/locations/us-central1/functions 400
[debug] [2025-07-20T17:36:10.096Z] <<< [apiv2][body] POST https://cloudfunctions.googleapis.com/v2/projects/ck-club/locations/us-central1/functions {"error":{"code":400,"message":"Validation failed for trigger projects/ck-club/locations/asia-east1/triggers/updatelikecount-278339: Invalid resource state for \"\": Permission denied while using the Eventarc Service Agent. If you recently started to use Eventarc, it may take a few minutes before all necessary permissions are propagated to the Service Agent. Otherwise, verify that it has Eventarc Service Agent role.","status":"FAILED_PRECONDITION"}}
[warn] !  functions: Request to https://cloudfunctions.googleapis.com/v2/projects/ck-club/locations/us-central1/functions?functionId=updateLikeCount had HTTP Error: 400, Validation failed for trigger projects/ck-club/locations/asia-east1/triggers/updatelikecount-278339: Invalid resource state for "": Permission denied while using the Eventarc Service Agent. If you recently started to use Eventarc, it may take a few minutes before all necessary permissions are propagated to the Service Agent. Otherwise, verify that it has Eventarc Service Agent role. 
[warn] !  functions: Since this is your first time using 2nd gen functions, we need a little bit longer to finish setting everything up. Retry the deployment in a few minutes. 
[warn] !  functions:  failed to create function projects/ck-club/locations/us-central1/functions/updateLikeCount 
[error] Failed to create function projects/ck-club/locations/us-central1/functions/updateLikeCount
[debug] [2025-07-20T17:36:10.103Z] Total Function Deployment time: 18047
[debug] [2025-07-20T17:36:10.103Z] 1 Functions Deployed
[debug] [2025-07-20T17:36:10.103Z] 1 Functions Errored
[debug] [2025-07-20T17:36:10.103Z] 0 Function Deployments Aborted
[debug] [2025-07-20T17:36:10.103Z] Average Function Deployment time: 18045
[info] 
[info] Functions deploy had errors with the following functions:
	updateLikeCount(us-central1)
[debug] [2025-07-20T17:36:10.107Z] Checked if tokens are valid: true, expires at: 1753036026375
[debug] [2025-07-20T17:36:10.107Z] Checked if tokens are valid: true, expires at: 1753036026375
[debug] [2025-07-20T17:36:10.107Z] >>> [apiv2][query] GET https://artifactregistry.googleapis.com/v1/projects/ck-club/locations/us-central1/repositories/gcf-artifacts [none]
[debug] [2025-07-20T17:36:11.196Z] <<< [apiv2][status] GET https://artifactregistry.googleapis.com/v1/projects/ck-club/locations/us-central1/repositories/gcf-artifacts 404
[debug] [2025-07-20T17:36:11.196Z] <<< [apiv2][body] GET https://artifactregistry.googleapis.com/v1/projects/ck-club/locations/us-central1/repositories/gcf-artifacts {"error":{"code":404,"message":"Requested entity was not found.","status":"NOT_FOUND"}}
[debug] [2025-07-20T17:36:11.196Z] Failed to check artifact cleanup policy for region us-central1: Request to https://artifactregistry.googleapis.com/v1/projects/ck-club/locations/us-central1/repositories/gcf-artifacts had HTTP Error: 404, Requested entity was not found. {"name":"FirebaseError","children":[],"context":{"body":{"error":{"code":404,"message":"Requested entity was not found.","status":"NOT_FOUND"}},"response":{"statusCode":404}},"exit":1,"message":"Request to https://artifactregistry.googleapis.com/v1/projects/ck-club/locations/us-central1/repositories/gcf-artifacts had HTTP Error: 404, Requested entity was not found.","status":404}
[debug] [2025-07-20T17:36:11.197Z] Functions deploy failed.
[debug] [2025-07-20T17:36:11.197Z] {
  "endpoint": {
    "id": "updateLikeCount",
    "project": "ck-club",
    "region": "us-central1",
    "entryPoint": "updateLikeCount",
    "platform": "gcfv2",
    "runtime": "nodejs22",
    "eventTrigger": {
      "eventType": "google.cloud.firestore.document.v1.written",
      "retry": false,
      "eventFilters": {
        "database": "(default)",
        "namespace": "(default)"
      },
      "eventFilterPathPatterns": {
        "document": "likes/{likeId}"
      },
      "region": "asia-east1"
    },
    "labels": {
      "deployment-tool": "cli-firebase"
    },
    "serviceAccount": null,
    "ingressSettings": null,
    "availableMemoryMb": null,
    "timeoutSeconds": null,
    "maxInstances": null,
    "minInstances": null,
    "concurrency": 80,
    "vpc": null,
    "environmentVariables": {
      "FIREBASE_CONFIG": "{\"projectId\":\"ck-club\",\"storageBucket\":\"ck-club.firebasestorage.app\"}",
      "GCLOUD_PROJECT": "ck-club",
      "EVENTARC_CLOUD_EVENT_SOURCE": "projects/ck-club/locations/us-central1/services/updateLikeCount"
    },
    "codebase": "default",
    "cpu": 1,
    "targetedByOnly": false,
    "hash": "c2b5fd3105dde56bd455f2808f58b2ba7b564457"
  },
  "op": "create",
  "original": {
    "name": "FirebaseError",
    "children": [],
    "context": {
      "function": "projects/ck-club/locations/us-central1/functions/updateLikeCount"
    },
    "exit": 1,
    "message": "Failed to create function projects/ck-club/locations/us-central1/functions/updateLikeCount",
    "original": {
      "name": "FirebaseError",
      "children": [],
      "context": {
        "body": {
          "error": {
            "code": 400,
            "message": "Validation failed for trigger projects/ck-club/locations/asia-east1/triggers/updatelikecount-278339: Invalid resource state for \"\": Permission denied while using the Eventarc Service Agent. If you recently started to use Eventarc, it may take a few minutes before all necessary permissions are propagated to the Service Agent. Otherwise, verify that it has Eventarc Service Agent role.",
            "status": "FAILED_PRECONDITION"
          }
        },
        "response": {
          "statusCode": 400
        }
      },
      "exit": 1,
      "message": "Request to https://cloudfunctions.googleapis.com/v2/projects/ck-club/locations/us-central1/functions?functionId=updateLikeCount had HTTP Error: 400, Validation failed for trigger projects/ck-club/locations/asia-east1/triggers/updatelikecount-278339: Invalid resource state for \"\": Permission denied while using the Eventarc Service Agent. If you recently started to use Eventarc, it may take a few minutes before all necessary permissions are propagated to the Service Agent. Otherwise, verify that it has Eventarc Service Agent role.",
      "status": 400
    },
    "status": 400,
    "code": 400
  }
}
[debug] [2025-07-20T17:36:11.198Z] Error: Failed to create function updateLikeCount in region us-central1
    at C:\Users\jx06t\AppData\Roaming\npm\node_modules\firebase-tools\lib\deploy\functions\release\fabricator.js:294:27
    at process.processTicksAndRejections (node:internal/process/task_queues:105:5)
    at async Fabricator.createV2Function (C:\Users\jx06t\AppData\Roaming\npm\node_modules\firebase-tools\lib\deploy\functions\release\fabricator.js:278:30)
    at async Fabricator.createEndpoint (C:\Users\jx06t\AppData\Roaming\npm\node_modules\firebase-tools\lib\deploy\functions\release\fabricator.js:137:13)
    at async handle (C:\Users\jx06t\AppData\Roaming\npm\node_modules\firebase-tools\lib\deploy\functions\release\fabricator.js:89:17)
[error] 
[error] Error: There was an error deploying functions
